<?xml version="1.0" encoding="UTF-8"?>
<!-- Generated by org.testng.reporters.JUnitReportReporter -->
<testsuite skipped="0" hostname="Anusha-PC" name="com.Chiselon.ColourClassifieds.UItest.TC5_Topads" tests="1" failures="0" timestamp="09 Mar 2018 11:19:51 GMT" time="2.070" errors="0">
  <testcase name="TC5_Topadds" time="2.070" classname="com.Chiselon.ColourClassifieds.UItest.TC5_Topads"/>
</testsuite> <!-- com.Chiselon.ColourClassifieds.UItest.TC5_Topads -->
