<?xml version="1.0" encoding="UTF-8"?>
<!-- Generated by org.testng.reporters.JUnitReportReporter -->
<testsuite skipped="0" hostname="Anusha-PC" name="com.Chiselon.ColourClassifieds.UItest.TC4_TopRated" tests="1" failures="0" timestamp="17 Mar 2018 06:50:21 GMT" time="1.764" errors="0">
  <testcase name="TC4_TopRatedd" time="1.764" classname="com.Chiselon.ColourClassifieds.UItest.TC4_TopRated"/>
</testsuite> <!-- com.Chiselon.ColourClassifieds.UItest.TC4_TopRated -->
